<?xml version="1.0" encoding="UTF-8"?>
<!-- Generated by org.testng.reporters.JUnitReportReporter -->
<testsuite hostname="Theja-VAIO" name="com.selvi.tests.AppTest" tests="1" failures="0" timestamp="3 Oct 2019 02:01:50 GMT" time="5.982" errors="0">
  <testcase name="testSearch" time="5.982" classname="com.selvi.tests.AppTest"/>
</testsuite>
